<?xml version="1.0" encoding="UTF-8"?>
<coverage generated="1622555972497" clover="3.2.0">
  <project timestamp="1622555972497" name="All files">
    <metrics statements="21" coveredstatements="19" conditionals="4" coveredconditionals="4" methods="9" coveredmethods="7" elements="34" coveredelements="30" complexity="0" loc="21" ncloc="21" packages="1" files="6" classes="6"/>
    <file name="Auth.jsx" path="C:\#D_Work\Learning\Gromcode\Enzyme\lesson2\task1\src\Auth.jsx">
      <metrics statements="11" coveredstatements="11" conditionals="2" coveredconditionals="2" methods="4" coveredmethods="4"/>
      <line num="8" count="3" type="stmt"/>
      <line num="9" count="3" type="stmt"/>
      <line num="14" count="3" type="stmt"/>
      <line num="15" count="2" type="stmt"/>
      <line num="18" count="3" type="stmt"/>
      <line num="19" count="1" type="stmt"/>
      <line num="23" count="6" type="stmt"/>
      <line num="26" count="6" type="cond" truecount="2" falsecount="0"/>
      <line num="27" count="2" type="stmt"/>
      <line num="29" count="4" type="stmt"/>
      <line num="32" count="6" type="stmt"/>
    </file>
    <file name="Greeting.jsx" path="C:\#D_Work\Learning\Gromcode\Enzyme\lesson2\task1\src\Greeting.jsx">
      <metrics statements="4" coveredstatements="4" conditionals="2" coveredconditionals="2" methods="1" coveredmethods="1"/>
      <line num="5" count="2" type="stmt"/>
      <line num="6" count="2" type="cond" truecount="2" falsecount="0"/>
      <line num="7" count="1" type="stmt"/>
      <line num="9" count="1" type="stmt"/>
    </file>
    <file name="GuestGreeting.jsx" path="C:\#D_Work\Learning\Gromcode\Enzyme\lesson2\task1\src\GuestGreeting.jsx">
      <metrics statements="1" coveredstatements="1" conditionals="0" coveredconditionals="0" methods="1" coveredmethods="1"/>
      <line num="4" count="1" type="stmt"/>
    </file>
    <file name="Login.jsx" path="C:\#D_Work\Learning\Gromcode\Enzyme\lesson2\task1\src\Login.jsx">
      <metrics statements="2" coveredstatements="1" conditionals="0" coveredconditionals="0" methods="1" coveredmethods="0"/>
      <line num="3" count="1" type="stmt"/>
      <line num="4" count="0" type="stmt"/>
    </file>
    <file name="Logout.jsx" path="C:\#D_Work\Learning\Gromcode\Enzyme\lesson2\task1\src\Logout.jsx">
      <metrics statements="2" coveredstatements="1" conditionals="0" coveredconditionals="0" methods="1" coveredmethods="0"/>
      <line num="3" count="1" type="stmt"/>
      <line num="4" count="0" type="stmt"/>
    </file>
    <file name="UserGreeting.jsx" path="C:\#D_Work\Learning\Gromcode\Enzyme\lesson2\task1\src\UserGreeting.jsx">
      <metrics statements="1" coveredstatements="1" conditionals="0" coveredconditionals="0" methods="1" coveredmethods="1"/>
      <line num="4" count="1" type="stmt"/>
    </file>
  </project>
</coverage>
