TN:
SF:src\Auth.jsx
FN:7,(anonymous_0)
FN:14,(anonymous_1)
FN:18,(anonymous_2)
FN:22,(anonymous_3)
FNF:4
FNH:4
FNDA:3,(anonymous_0)
FNDA:2,(anonymous_1)
FNDA:1,(anonymous_2)
FNDA:6,(anonymous_3)
DA:8,3
DA:9,3
DA:14,3
DA:15,2
DA:18,3
DA:19,1
DA:23,6
DA:26,6
DA:27,2
DA:29,4
DA:32,6
LF:11
LH:11
BRDA:26,0,0,2
BRDA:26,0,1,4
BRF:2
BRH:2
end_of_record
TN:
SF:src\Greeting.jsx
FN:5,(anonymous_0)
FNF:1
FNH:1
FNDA:2,(anonymous_0)
DA:5,2
DA:6,2
DA:7,1
DA:9,1
LF:4
LH:4
BRDA:6,0,0,1
BRDA:6,0,1,1
BRF:2
BRH:2
end_of_record
TN:
SF:src\GuestGreeting.jsx
FN:3,GuestGreeting
FNF:1
FNH:1
FNDA:1,GuestGreeting
DA:4,1
LF:1
LH:1
BRF:0
BRH:0
end_of_record
TN:
SF:src\Login.jsx
FN:3,(anonymous_0)
FNF:1
FNH:1
FNDA:1,(anonymous_0)
DA:3,2
DA:4,1
LF:2
LH:2
BRF:0
BRH:0
end_of_record
TN:
SF:src\Logout.jsx
FN:3,(anonymous_0)
FNF:1
FNH:1
FNDA:1,(anonymous_0)
DA:3,2
DA:4,1
LF:2
LH:2
BRF:0
BRH:0
end_of_record
TN:
SF:src\UserGreeting.jsx
FN:3,UserGreeting
FNF:1
FNH:1
FNDA:1,UserGreeting
DA:4,1
LF:1
LH:1
BRF:0
BRH:0
end_of_record
