<?xml version="1.0" encoding="UTF-8"?>
<coverage generated="1622579160723" clover="3.2.0">
  <project timestamp="1622579160723" name="All files">
    <metrics statements="8" coveredstatements="8" conditionals="0" coveredconditionals="0" methods="4" coveredmethods="4" elements="12" coveredelements="12" complexity="0" loc="8" ncloc="8" packages="1" files="1" classes="1"/>
    <file name="Counter.jsx" path="C:\#D_Work\Learning\Gromcode\Enzyme\lesson2\task3\src\Counter.jsx">
      <metrics statements="8" coveredstatements="8" conditionals="0" coveredconditionals="0" methods="4" coveredmethods="4"/>
      <line num="4" count="6" type="stmt"/>
      <line num="8" count="6" type="stmt"/>
      <line num="9" count="1" type="stmt"/>
      <line num="14" count="6" type="stmt"/>
      <line num="15" count="2" type="stmt"/>
      <line num="20" count="6" type="stmt"/>
      <line num="21" count="1" type="stmt"/>
      <line num="27" count="14" type="stmt"/>
    </file>
  </project>
</coverage>
