{"C:\\#D_Work\\Learning\\Gromcode\\Enzyme\\lesson2\\task3\\src\\Counter.jsx": {"path":"C:\\#D_Work\\Learning\\Gromcode\\Enzyme\\lesson2\\task3\\src\\Counter.jsx","statementMap":{"0":{"start":{"line":4,"column":10},"end":{"line":6,"column":3}},"1":{"start":{"line":8,"column":14},"end":{"line":12,"column":3}},"2":{"start":{"line":9,"column":4},"end":{"line":11,"column":7}},"3":{"start":{"line":14,"column":14},"end":{"line":18,"column":3}},"4":{"start":{"line":15,"column":4},"end":{"line":17,"column":7}},"5":{"start":{"line":20,"column":10},"end":{"line":24,"column":3}},"6":{"start":{"line":21,"column":4},"end":{"line":23,"column":7}},"7":{"start":{"line":27,"column":4},"end":{"line":39,"column":6}}},"fnMap":{"0":{"name":"(anonymous_0)","decl":{"start":{"line":8,"column":14},"end":{"line":8,"column":15}},"loc":{"start":{"line":8,"column":20},"end":{"line":12,"column":3}},"line":8},"1":{"name":"(anonymous_1)","decl":{"start":{"line":14,"column":14},"end":{"line":14,"column":15}},"loc":{"start":{"line":14,"column":20},"end":{"line":18,"column":3}},"line":14},"2":{"name":"(anonymous_2)","decl":{"start":{"line":20,"column":10},"end":{"line":20,"column":11}},"loc":{"start":{"line":20,"column":16},"end":{"line":24,"column":3}},"line":20},"3":{"name":"(anonymous_3)","decl":{"start":{"line":26,"column":2},"end":{"line":26,"column":3}},"loc":{"start":{"line":26,"column":11},"end":{"line":40,"column":3}},"line":26}},"branchMap":{},"s":{"0":6,"1":6,"2":1,"3":6,"4":2,"5":6,"6":1,"7":14},"f":{"0":1,"1":2,"2":1,"3":14},"b":{},"_coverageSchema":"1a1c01bbd47fc00a2c39e90264f33305004495a9","hash":"2b55be0f67f1c5a09ae4b33551a3ced8e41fe22d"}
}
