{"C:\\#D_Work\\Learning\\Gromcode\\Enzyme\\lesson2\\task2\\src\\User.jsx": {"path":"C:\\#D_Work\\Learning\\Gromcode\\Enzyme\\lesson2\\task2\\src\\User.jsx","statementMap":{"0":{"start":{"line":5,"column":10},"end":{"line":7,"column":3}},"1":{"start":{"line":10,"column":4},"end":{"line":14,"column":6}},"2":{"start":{"line":11,"column":6},"end":{"line":13,"column":8}},"3":{"start":{"line":18,"column":25},"end":{"line":18,"column":35}},"4":{"start":{"line":19,"column":4},"end":{"line":21,"column":5}},"5":{"start":{"line":20,"column":6},"end":{"line":20,"column":18}},"6":{"start":{"line":22,"column":43},"end":{"line":22,"column":51}},"7":{"start":{"line":23,"column":4},"end":{"line":31,"column":6}}},"fnMap":{"0":{"name":"(anonymous_0)","decl":{"start":{"line":9,"column":2},"end":{"line":9,"column":3}},"loc":{"start":{"line":9,"column":22},"end":{"line":15,"column":3}},"line":9},"1":{"name":"(anonymous_1)","decl":{"start":{"line":10,"column":23},"end":{"line":10,"column":24}},"loc":{"start":{"line":11,"column":6},"end":{"line":13,"column":8}},"line":11},"2":{"name":"(anonymous_2)","decl":{"start":{"line":17,"column":2},"end":{"line":17,"column":3}},"loc":{"start":{"line":17,"column":11},"end":{"line":32,"column":3}},"line":17}},"branchMap":{"0":{"loc":{"start":{"line":19,"column":4},"end":{"line":21,"column":5}},"type":"if","locations":[{"start":{"line":19,"column":4},"end":{"line":21,"column":5}},{"start":{"line":19,"column":4},"end":{"line":21,"column":5}}],"line":19}},"s":{"0":4,"1":4,"2":4,"3":10,"4":10,"5":8,"6":2,"7":2},"f":{"0":4,"1":4,"2":10},"b":{"0":[8,2]},"_coverageSchema":"1a1c01bbd47fc00a2c39e90264f33305004495a9","hash":"7b99937602fb26f6c15de40545fe9c76853062c1"}
}
