{"C:\\#D_Work\\Learning\\Gromcode\\Enzyme\\lesson2\\task4\\src\\Dialog.jsx": {"path":"C:\\#D_Work\\Learning\\Gromcode\\Enzyme\\lesson2\\task4\\src\\Dialog.jsx","statementMap":{"0":{"start":{"line":4,"column":15},"end":{"line":19,"column":1}},"1":{"start":{"line":5,"column":2},"end":{"line":7,"column":3}},"2":{"start":{"line":6,"column":4},"end":{"line":6,"column":16}},"3":{"start":{"line":8,"column":2},"end":{"line":18,"column":4}},"4":{"start":{"line":21,"column":0},"end":{"line":25,"column":2}},"5":{"start":{"line":27,"column":0},"end":{"line":30,"column":2}}},"fnMap":{"0":{"name":"(anonymous_0)","decl":{"start":{"line":4,"column":15},"end":{"line":4,"column":16}},"loc":{"start":{"line":4,"column":57},"end":{"line":19,"column":1}},"line":4}},"branchMap":{"0":{"loc":{"start":{"line":5,"column":2},"end":{"line":7,"column":3}},"type":"if","locations":[{"start":{"line":5,"column":2},"end":{"line":7,"column":3}},{"start":{"line":5,"column":2},"end":{"line":7,"column":3}}],"line":5}},"s":{"0":1,"1":5,"2":1,"3":4,"4":1,"5":1},"f":{"0":5},"b":{"0":[1,4]},"_coverageSchema":"1a1c01bbd47fc00a2c39e90264f33305004495a9","hash":"4fe91e16f1fb7a5c19338bef45fbb3728c73f85d"}
}
